This is pdfTeX, Version 3.14159265-2.6-1.40.20 (TeX Live 2019/Debian) (preloaded format=pdflatex 2021.6.9)  21 JUL 2021 17:48
entering extended mode
 restricted \write18 enabled.
 %&-line parsing enabled.
**draft.tex
(./draft.tex
LaTeX2e <2020-02-02> patch level 2
L3 programming layer <2020-02-14>
(/usr/share/texlive/texmf-dist/tex/latex/base/article.cls
Document Class: article 2019/12/20 v1.4l Standard LaTeX document class
(/usr/share/texlive/texmf-dist/tex/latex/base/size10.clo
File: size10.clo 2019/12/20 v1.4l Standard LaTeX file (size option)
)
\c@part=\count167
\c@section=\count168
\c@subsection=\count169
\c@subsubsection=\count170
\c@paragraph=\count171
\c@subparagraph=\count172
\c@figure=\count173
\c@table=\count174
\abovecaptionskip=\skip47
\belowcaptionskip=\skip48
\bibindent=\dimen134
)
(/usr/share/texlive/texmf-dist/tex/latex/amsmath/amsmath.sty
Package: amsmath 2020/01/20 v2.17e AMS math features
\@mathmargin=\skip49

For additional information on amsmath, use the `?' option.
(/usr/share/texlive/texmf-dist/tex/latex/amsmath/amstext.sty
Package: amstext 2000/06/29 v2.01 AMS text

(/usr/share/texlive/texmf-dist/tex/latex/amsmath/amsgen.sty
File: amsgen.sty 1999/11/30 v2.0 generic functions
\@emptytoks=\toks14
\ex@=\dimen135
))
(/usr/share/texlive/texmf-dist/tex/latex/amsmath/amsbsy.sty
Package: amsbsy 1999/11/29 v1.2d Bold Symbols
\pmbraise@=\dimen136
)
(/usr/share/texlive/texmf-dist/tex/latex/amsmath/amsopn.sty
Package: amsopn 2016/03/08 v2.02 operator names
)
\inf@bad=\count175
LaTeX Info: Redefining \frac on input line 227.
\uproot@=\count176
\leftroot@=\count177
LaTeX Info: Redefining \overline on input line 389.
\classnum@=\count178
\DOTSCASE@=\count179
LaTeX Info: Redefining \ldots on input line 486.
LaTeX Info: Redefining \dots on input line 489.
LaTeX Info: Redefining \cdots on input line 610.
\Mathstrutbox@=\box45
\strutbox@=\box46
\big@size=\dimen137
LaTeX Font Info:    Redeclaring font encoding OML on input line 733.
LaTeX Font Info:    Redeclaring font encoding OMS on input line 734.
\macc@depth=\count180
\c@MaxMatrixCols=\count181
\dotsspace@=\muskip16
\c@parentequation=\count182
\dspbrk@lvl=\count183
\tag@help=\toks15
\row@=\count184
\column@=\count185
\maxfields@=\count186
\andhelp@=\toks16
\eqnshift@=\dimen138
\alignsep@=\dimen139
\tagshift@=\dimen140
\tagwidth@=\dimen141
\totwidth@=\dimen142
\lineht@=\dimen143
\@envbody=\toks17
\multlinegap=\skip50
\multlinetaggap=\skip51
\mathdisplay@stack=\toks18
LaTeX Info: Redefining \[ on input line 2859.
LaTeX Info: Redefining \] on input line 2860.
)
(/usr/share/texlive/texmf-dist/tex/latex/cite/cite.sty
LaTeX Info: Redefining \cite on input line 302.
LaTeX Info: Redefining \nocite on input line 332.
Package: cite 2015/02/27  v 5.5
)
(/usr/share/texlive/texmf-dist/tex/latex/tools/bm.sty
Package: bm 2019/07/24 v1.2d Bold Symbol Support (DPC/FMi)
\symboldoperators=\mathgroup4
\symboldletters=\mathgroup5
\symboldsymbols=\mathgroup6
LaTeX Font Info:    Redeclaring math alphabet \mathbf on input line 141.
LaTeX Info: Redefining \bm on input line 209.
)
(/usr/share/texlive/texmf-dist/tex/latex/pgf/frontendlayer/tikz.sty
(/usr/share/texlive/texmf-dist/tex/latex/pgf/basiclayer/pgf.sty
(/usr/share/texlive/texmf-dist/tex/latex/pgf/utilities/pgfrcs.sty
(/usr/share/texlive/texmf-dist/tex/generic/pgf/utilities/pgfutil-common.tex
\pgfutil@everybye=\toks19
\pgfutil@tempdima=\dimen144
\pgfutil@tempdimb=\dimen145

(/usr/share/texlive/texmf-dist/tex/generic/pgf/utilities/pgfutil-common-lists.t
ex)) (/usr/share/texlive/texmf-dist/tex/generic/pgf/utilities/pgfutil-latex.def
\pgfutil@abb=\box47
(/usr/share/texlive/texmf-dist/tex/latex/ms/everyshi.sty
Package: everyshi 2001/05/15 v3.00 EveryShipout Package (MS)
))
(/usr/share/texlive/texmf-dist/tex/generic/pgf/utilities/pgfrcs.code.tex
(/usr/share/texlive/texmf-dist/tex/generic/pgf/pgf.revision.tex)
Package: pgfrcs 2020/01/08 v3.1.5b (3.1.5b)
))
Package: pgf 2020/01/08 v3.1.5b (3.1.5b)

(/usr/share/texlive/texmf-dist/tex/latex/pgf/basiclayer/pgfcore.sty
(/usr/share/texlive/texmf-dist/tex/latex/graphics/graphicx.sty
Package: graphicx 2019/11/30 v1.2a Enhanced LaTeX Graphics (DPC,SPQR)

(/usr/share/texlive/texmf-dist/tex/latex/graphics/keyval.sty
Package: keyval 2014/10/28 v1.15 key=value parser (DPC)
\KV@toks@=\toks20
)
(/usr/share/texlive/texmf-dist/tex/latex/graphics/graphics.sty
Package: graphics 2019/11/30 v1.4a Standard LaTeX Graphics (DPC,SPQR)

(/usr/share/texlive/texmf-dist/tex/latex/graphics/trig.sty
Package: trig 2016/01/03 v1.10 sin cos tan (DPC)
)
(/usr/share/texlive/texmf-dist/tex/latex/graphics-cfg/graphics.cfg
File: graphics.cfg 2016/06/04 v1.11 sample graphics configuration
)
Package graphics Info: Driver file: pdftex.def on input line 105.

(/usr/share/texlive/texmf-dist/tex/latex/graphics-def/pdftex.def
File: pdftex.def 2018/01/08 v1.0l Graphics/color driver for pdftex
))
\Gin@req@height=\dimen146
\Gin@req@width=\dimen147
)
(/usr/share/texlive/texmf-dist/tex/latex/pgf/systemlayer/pgfsys.sty
(/usr/share/texlive/texmf-dist/tex/generic/pgf/systemlayer/pgfsys.code.tex
Package: pgfsys 2020/01/08 v3.1.5b (3.1.5b)

(/usr/share/texlive/texmf-dist/tex/generic/pgf/utilities/pgfkeys.code.tex
\pgfkeys@pathtoks=\toks21
\pgfkeys@temptoks=\toks22

(/usr/share/texlive/texmf-dist/tex/generic/pgf/utilities/pgfkeysfiltered.code.t
ex
\pgfkeys@tmptoks=\toks23
))
\pgf@x=\dimen148
\pgf@y=\dimen149
\pgf@xa=\dimen150
\pgf@ya=\dimen151
\pgf@xb=\dimen152
\pgf@yb=\dimen153
\pgf@xc=\dimen154
\pgf@yc=\dimen155
\pgf@xd=\dimen156
\pgf@yd=\dimen157
\w@pgf@writea=\write3
\r@pgf@reada=\read2
\c@pgf@counta=\count187
\c@pgf@countb=\count188
\c@pgf@countc=\count189
\c@pgf@countd=\count190
\t@pgf@toka=\toks24
\t@pgf@tokb=\toks25
\t@pgf@tokc=\toks26
\pgf@sys@id@count=\count191
 (/usr/share/texlive/texmf-dist/tex/generic/pgf/systemlayer/pgf.cfg
File: pgf.cfg 2020/01/08 v3.1.5b (3.1.5b)
)
Driver file for pgf: pgfsys-pdftex.def

(/usr/share/texlive/texmf-dist/tex/generic/pgf/systemlayer/pgfsys-pdftex.def
File: pgfsys-pdftex.def 2020/01/08 v3.1.5b (3.1.5b)

(/usr/share/texlive/texmf-dist/tex/generic/pgf/systemlayer/pgfsys-common-pdf.de
f
File: pgfsys-common-pdf.def 2020/01/08 v3.1.5b (3.1.5b)
)))
(/usr/share/texlive/texmf-dist/tex/generic/pgf/systemlayer/pgfsyssoftpath.code.
tex
File: pgfsyssoftpath.code.tex 2020/01/08 v3.1.5b (3.1.5b)
\pgfsyssoftpath@smallbuffer@items=\count192
\pgfsyssoftpath@bigbuffer@items=\count193
)
(/usr/share/texlive/texmf-dist/tex/generic/pgf/systemlayer/pgfsysprotocol.code.
tex
File: pgfsysprotocol.code.tex 2020/01/08 v3.1.5b (3.1.5b)
)) (/usr/share/texlive/texmf-dist/tex/latex/xcolor/xcolor.sty
Package: xcolor 2016/05/11 v2.12 LaTeX color extensions (UK)

(/usr/share/texlive/texmf-dist/tex/latex/graphics-cfg/color.cfg
File: color.cfg 2016/01/02 v1.6 sample color configuration
)
Package xcolor Info: Driver file: pdftex.def on input line 225.
Package xcolor Info: Model `cmy' substituted by `cmy0' on input line 1348.
Package xcolor Info: Model `hsb' substituted by `rgb' on input line 1352.
Package xcolor Info: Model `RGB' extended on input line 1364.
Package xcolor Info: Model `HTML' substituted by `rgb' on input line 1366.
Package xcolor Info: Model `Hsb' substituted by `hsb' on input line 1367.
Package xcolor Info: Model `tHsb' substituted by `hsb' on input line 1368.
Package xcolor Info: Model `HSB' substituted by `hsb' on input line 1369.
Package xcolor Info: Model `Gray' substituted by `gray' on input line 1370.
Package xcolor Info: Model `wave' substituted by `hsb' on input line 1371.
)
(/usr/share/texlive/texmf-dist/tex/generic/pgf/basiclayer/pgfcore.code.tex
Package: pgfcore 2020/01/08 v3.1.5b (3.1.5b)

(/usr/share/texlive/texmf-dist/tex/generic/pgf/math/pgfmath.code.tex
(/usr/share/texlive/texmf-dist/tex/generic/pgf/math/pgfmathcalc.code.tex
(/usr/share/texlive/texmf-dist/tex/generic/pgf/math/pgfmathutil.code.tex)
(/usr/share/texlive/texmf-dist/tex/generic/pgf/math/pgfmathparser.code.tex
\pgfmath@dimen=\dimen158
\pgfmath@count=\count194
\pgfmath@box=\box48
\pgfmath@toks=\toks27
\pgfmath@stack@operand=\toks28
\pgfmath@stack@operation=\toks29
)
(/usr/share/texlive/texmf-dist/tex/generic/pgf/math/pgfmathfunctions.code.tex
(/usr/share/texlive/texmf-dist/tex/generic/pgf/math/pgfmathfunctions.basic.code
.tex)
(/usr/share/texlive/texmf-dist/tex/generic/pgf/math/pgfmathfunctions.trigonomet
ric.code.tex)
(/usr/share/texlive/texmf-dist/tex/generic/pgf/math/pgfmathfunctions.random.cod
e.tex)
(/usr/share/texlive/texmf-dist/tex/generic/pgf/math/pgfmathfunctions.comparison
.code.tex)
(/usr/share/texlive/texmf-dist/tex/generic/pgf/math/pgfmathfunctions.base.code.
tex)
(/usr/share/texlive/texmf-dist/tex/generic/pgf/math/pgfmathfunctions.round.code
.tex)
(/usr/share/texlive/texmf-dist/tex/generic/pgf/math/pgfmathfunctions.misc.code.
tex)
(/usr/share/texlive/texmf-dist/tex/generic/pgf/math/pgfmathfunctions.integerari
thmetics.code.tex)))
(/usr/share/texlive/texmf-dist/tex/generic/pgf/math/pgfmathfloat.code.tex
\c@pgfmathroundto@lastzeros=\count195
))
(/usr/share/texlive/texmf-dist/tex/generic/pgf/math/pgfint.code.tex)
(/usr/share/texlive/texmf-dist/tex/generic/pgf/basiclayer/pgfcorepoints.code.te
x
File: pgfcorepoints.code.tex 2020/01/08 v3.1.5b (3.1.5b)
\pgf@picminx=\dimen159
\pgf@picmaxx=\dimen160
\pgf@picminy=\dimen161
\pgf@picmaxy=\dimen162
\pgf@pathminx=\dimen163
\pgf@pathmaxx=\dimen164
\pgf@pathminy=\dimen165
\pgf@pathmaxy=\dimen166
\pgf@xx=\dimen167
\pgf@xy=\dimen168
\pgf@yx=\dimen169
\pgf@yy=\dimen170
\pgf@zx=\dimen171
\pgf@zy=\dimen172
)
(/usr/share/texlive/texmf-dist/tex/generic/pgf/basiclayer/pgfcorepathconstruct.
code.tex
File: pgfcorepathconstruct.code.tex 2020/01/08 v3.1.5b (3.1.5b)
\pgf@path@lastx=\dimen173
\pgf@path@lasty=\dimen174
)
(/usr/share/texlive/texmf-dist/tex/generic/pgf/basiclayer/pgfcorepathusage.code
.tex
File: pgfcorepathusage.code.tex 2020/01/08 v3.1.5b (3.1.5b)
\pgf@shorten@end@additional=\dimen175
\pgf@shorten@start@additional=\dimen176
)
(/usr/share/texlive/texmf-dist/tex/generic/pgf/basiclayer/pgfcorescopes.code.te
x
File: pgfcorescopes.code.tex 2020/01/08 v3.1.5b (3.1.5b)
\pgfpic=\box49
\pgf@hbox=\box50
\pgf@layerbox@main=\box51
\pgf@picture@serial@count=\count196
)
(/usr/share/texlive/texmf-dist/tex/generic/pgf/basiclayer/pgfcoregraphicstate.c
ode.tex
File: pgfcoregraphicstate.code.tex 2020/01/08 v3.1.5b (3.1.5b)
\pgflinewidth=\dimen177
)
(/usr/share/texlive/texmf-dist/tex/generic/pgf/basiclayer/pgfcoretransformation
s.code.tex
File: pgfcoretransformations.code.tex 2020/01/08 v3.1.5b (3.1.5b)
\pgf@pt@x=\dimen178
\pgf@pt@y=\dimen179
\pgf@pt@temp=\dimen180
)
(/usr/share/texlive/texmf-dist/tex/generic/pgf/basiclayer/pgfcorequick.code.tex
File: pgfcorequick.code.tex 2020/01/08 v3.1.5b (3.1.5b)
)
(/usr/share/texlive/texmf-dist/tex/generic/pgf/basiclayer/pgfcoreobjects.code.t
ex
File: pgfcoreobjects.code.tex 2020/01/08 v3.1.5b (3.1.5b)
)
(/usr/share/texlive/texmf-dist/tex/generic/pgf/basiclayer/pgfcorepathprocessing
.code.tex
File: pgfcorepathprocessing.code.tex 2020/01/08 v3.1.5b (3.1.5b)
)
(/usr/share/texlive/texmf-dist/tex/generic/pgf/basiclayer/pgfcorearrows.code.te
x
File: pgfcorearrows.code.tex 2020/01/08 v3.1.5b (3.1.5b)
\pgfarrowsep=\dimen181
)
(/usr/share/texlive/texmf-dist/tex/generic/pgf/basiclayer/pgfcoreshade.code.tex
File: pgfcoreshade.code.tex 2020/01/08 v3.1.5b (3.1.5b)
\pgf@max=\dimen182
\pgf@sys@shading@range@num=\count197
\pgf@shadingcount=\count198
)
(/usr/share/texlive/texmf-dist/tex/generic/pgf/basiclayer/pgfcoreimage.code.tex
File: pgfcoreimage.code.tex 2020/01/08 v3.1.5b (3.1.5b)

(/usr/share/texlive/texmf-dist/tex/generic/pgf/basiclayer/pgfcoreexternal.code.
tex
File: pgfcoreexternal.code.tex 2020/01/08 v3.1.5b (3.1.5b)
\pgfexternal@startupbox=\box52
))
(/usr/share/texlive/texmf-dist/tex/generic/pgf/basiclayer/pgfcorelayers.code.te
x
File: pgfcorelayers.code.tex 2020/01/08 v3.1.5b (3.1.5b)
)
(/usr/share/texlive/texmf-dist/tex/generic/pgf/basiclayer/pgfcoretransparency.c
ode.tex
File: pgfcoretransparency.code.tex 2020/01/08 v3.1.5b (3.1.5b)
)
(/usr/share/texlive/texmf-dist/tex/generic/pgf/basiclayer/pgfcorepatterns.code.
tex
File: pgfcorepatterns.code.tex 2020/01/08 v3.1.5b (3.1.5b)
)
(/usr/share/texlive/texmf-dist/tex/generic/pgf/basiclayer/pgfcorerdf.code.tex
File: pgfcorerdf.code.tex 2020/01/08 v3.1.5b (3.1.5b)
)))
(/usr/share/texlive/texmf-dist/tex/generic/pgf/modules/pgfmoduleshapes.code.tex
File: pgfmoduleshapes.code.tex 2020/01/08 v3.1.5b (3.1.5b)
\pgfnodeparttextbox=\box53
) (/usr/share/texlive/texmf-dist/tex/generic/pgf/modules/pgfmoduleplot.code.tex
File: pgfmoduleplot.code.tex 2020/01/08 v3.1.5b (3.1.5b)
)
(/usr/share/texlive/texmf-dist/tex/latex/pgf/compatibility/pgfcomp-version-0-65
.sty
Package: pgfcomp-version-0-65 2020/01/08 v3.1.5b (3.1.5b)
\pgf@nodesepstart=\dimen183
\pgf@nodesepend=\dimen184
)
(/usr/share/texlive/texmf-dist/tex/latex/pgf/compatibility/pgfcomp-version-1-18
.sty
Package: pgfcomp-version-1-18 2020/01/08 v3.1.5b (3.1.5b)
)) (/usr/share/texlive/texmf-dist/tex/latex/pgf/utilities/pgffor.sty
(/usr/share/texlive/texmf-dist/tex/latex/pgf/utilities/pgfkeys.sty
(/usr/share/texlive/texmf-dist/tex/generic/pgf/utilities/pgfkeys.code.tex))
(/usr/share/texlive/texmf-dist/tex/latex/pgf/math/pgfmath.sty
(/usr/share/texlive/texmf-dist/tex/generic/pgf/math/pgfmath.code.tex))
(/usr/share/texlive/texmf-dist/tex/generic/pgf/utilities/pgffor.code.tex
Package: pgffor 2020/01/08 v3.1.5b (3.1.5b)

(/usr/share/texlive/texmf-dist/tex/generic/pgf/math/pgfmath.code.tex)
\pgffor@iter=\dimen185
\pgffor@skip=\dimen186
\pgffor@stack=\toks30
\pgffor@toks=\toks31
))
(/usr/share/texlive/texmf-dist/tex/generic/pgf/frontendlayer/tikz/tikz.code.tex
Package: tikz 2020/01/08 v3.1.5b (3.1.5b)

(/usr/share/texlive/texmf-dist/tex/generic/pgf/libraries/pgflibraryplothandlers
.code.tex
File: pgflibraryplothandlers.code.tex 2020/01/08 v3.1.5b (3.1.5b)
\pgf@plot@mark@count=\count199
\pgfplotmarksize=\dimen187
)
\tikz@lastx=\dimen188
\tikz@lasty=\dimen189
\tikz@lastxsaved=\dimen190
\tikz@lastysaved=\dimen191
\tikz@lastmovetox=\dimen192
\tikz@lastmovetoy=\dimen193
\tikzleveldistance=\dimen194
\tikzsiblingdistance=\dimen195
\tikz@figbox=\box54
\tikz@figbox@bg=\box55
\tikz@tempbox=\box56
\tikz@tempbox@bg=\box57
\tikztreelevel=\count266
\tikznumberofchildren=\count267
\tikznumberofcurrentchild=\count268
\tikz@fig@count=\count269

(/usr/share/texlive/texmf-dist/tex/generic/pgf/modules/pgfmodulematrix.code.tex
File: pgfmodulematrix.code.tex 2020/01/08 v3.1.5b (3.1.5b)
\pgfmatrixcurrentrow=\count270
\pgfmatrixcurrentcolumn=\count271
\pgf@matrix@numberofcolumns=\count272
)
\tikz@expandcount=\count273

(/usr/share/texlive/texmf-dist/tex/generic/pgf/frontendlayer/tikz/libraries/tik
zlibrarytopaths.code.tex
File: tikzlibrarytopaths.code.tex 2020/01/08 v3.1.5b (3.1.5b)
)))
(/usr/share/texlive/texmf-dist/tex/latex/tkz-tab/tkz-tab.sty
Package: tkz-tab 2019/01/19 v1.4e variations (ctan version) 

(/usr/share/texlive/texmf-dist/tex/latex/base/ifthen.sty
Package: ifthen 2014/09/29 v1.1c Standard LaTeX ifthen package (DPC)
)
(/usr/share/texlive/texmf-dist/tex/latex/xkeyval/xkeyval.sty
Package: xkeyval 2014/12/03 v2.7a package option processing (HA)

(/usr/share/texlive/texmf-dist/tex/generic/xkeyval/xkeyval.tex
(/usr/share/texlive/texmf-dist/tex/generic/xkeyval/xkvutils.tex
\XKV@toks=\toks32
\XKV@tempa@toks=\toks33
)
\XKV@depth=\count274
File: xkeyval.tex 2014/12/03 v2.7a key=value parser (HA)
))
(/usr/share/texlive/texmf-dist/tex/generic/pgf/frontendlayer/tikz/libraries/tik
zlibraryarrows.code.tex
File: tikzlibraryarrows.code.tex 2020/01/08 v3.1.5b (3.1.5b)

(/usr/share/texlive/texmf-dist/tex/generic/pgf/libraries/pgflibraryarrows.code.
tex
File: pgflibraryarrows.code.tex 2020/01/08 v3.1.5b (3.1.5b)
\arrowsize=\dimen196
))
(/usr/share/texlive/texmf-dist/tex/generic/pgf/frontendlayer/tikz/libraries/tik
zlibrarypatterns.code.tex
File: tikzlibrarypatterns.code.tex 2020/01/08 v3.1.5b (3.1.5b)

(/usr/share/texlive/texmf-dist/tex/generic/pgf/libraries/pgflibrarypatterns.cod
e.tex
File: pgflibrarypatterns.code.tex 2020/01/08 v3.1.5b (3.1.5b)
))
\tkz@XF=\dimen197
\tkz@YF=\dimen198
\c@tkz@cnt@line=\count275
\c@tkz@cnt@lg=\count276
\c@tkz@cnt@cl=\count277
\c@tkz@cnt@pred=\count278
\c@tkz@cnt@temp=\count279
\c@tkz@cnt@arrow=\count280
\c@tkz@cnt@zone=\count281
\c@tkz@cnt@lgnext=\count282
\c@tkz@cnt@clnext=\count283
\c@tkz@cnt@pair=\count284
\c@tkz@cnt@impair=\count285
\c@tkz@cnt@aw=\count286
) (/usr/share/texlive/texmf-dist/tex/latex/amsfonts/amsfonts.sty
Package: amsfonts 2013/01/14 v3.01 Basic AMSFonts support
\symAMSa=\mathgroup7
\symAMSb=\mathgroup8
LaTeX Font Info:    Redeclaring math symbol \hbar on input line 98.
LaTeX Font Info:    Overwriting math alphabet `\mathfrak' in version `bold'
(Font)                  U/euf/m/n --> U/euf/b/n on input line 106.
)
(/usr/share/texlive/texmf-dist/tex/latex/amsfonts/amssymb.sty
Package: amssymb 2013/01/14 v3.01 AMS font symbols
)
(/usr/share/texlive/texmf-dist/tex/latex/hyperref/hyperref.sty
Package: hyperref 2020/01/14 v7.00d Hypertext links for LaTeX

(/usr/share/texlive/texmf-dist/tex/generic/ltxcmds/ltxcmds.sty
Package: ltxcmds 2019/12/15 v1.24 LaTeX kernel commands for general use (HO)
)
(/usr/share/texlive/texmf-dist/tex/generic/iftex/iftex.sty
Package: iftex 2019/11/07 v1.0c TeX engine tests
)
(/usr/share/texlive/texmf-dist/tex/latex/pdftexcmds/pdftexcmds.sty
Package: pdftexcmds 2019/11/24 v0.31 Utility functions of pdfTeX for LuaTeX (HO
)

(/usr/share/texlive/texmf-dist/tex/generic/infwarerr/infwarerr.sty
Package: infwarerr 2019/12/03 v1.5 Providing info/warning/error messages (HO)
)
Package pdftexcmds Info: \pdf@primitive is available.
Package pdftexcmds Info: \pdf@ifprimitive is available.
Package pdftexcmds Info: \pdfdraftmode found.
)
(/usr/share/texlive/texmf-dist/tex/generic/kvsetkeys/kvsetkeys.sty
Package: kvsetkeys 2019/12/15 v1.18 Key value parser (HO)
)
(/usr/share/texlive/texmf-dist/tex/generic/kvdefinekeys/kvdefinekeys.sty
Package: kvdefinekeys 2019-12-19 v1.6 Define keys (HO)
)
(/usr/share/texlive/texmf-dist/tex/generic/pdfescape/pdfescape.sty
Package: pdfescape 2019/12/09 v1.15 Implements pdfTeX's escape features (HO)
)
(/usr/share/texlive/texmf-dist/tex/latex/hycolor/hycolor.sty
Package: hycolor 2020-01-27 v1.10 Color options for hyperref/bookmark (HO)
)
(/usr/share/texlive/texmf-dist/tex/latex/letltxmacro/letltxmacro.sty
Package: letltxmacro 2019/12/03 v1.6 Let assignment for LaTeX macros (HO)
)
(/usr/share/texlive/texmf-dist/tex/latex/auxhook/auxhook.sty
Package: auxhook 2019-12-17 v1.6 Hooks for auxiliary files (HO)
)
(/usr/share/texlive/texmf-dist/tex/latex/kvoptions/kvoptions.sty
Package: kvoptions 2019/11/29 v3.13 Key value format for package options (HO)
)
\@linkdim=\dimen199
\Hy@linkcounter=\count287
\Hy@pagecounter=\count288

(/usr/share/texlive/texmf-dist/tex/latex/hyperref/pd1enc.def
File: pd1enc.def 2020/01/14 v7.00d Hyperref: PDFDocEncoding definition (HO)
Now handling font encoding PD1 ...
... no UTF-8 mapping file for font encoding PD1
)
(/usr/share/texlive/texmf-dist/tex/generic/intcalc/intcalc.sty
Package: intcalc 2019/12/15 v1.3 Expandable calculations with integers (HO)
)
(/usr/share/texlive/texmf-dist/tex/generic/etexcmds/etexcmds.sty
Package: etexcmds 2019/12/15 v1.7 Avoid name clashes with e-TeX commands (HO)
)
\Hy@SavedSpaceFactor=\count289
\pdfmajorversion=\count290
Package hyperref Info: Hyper figures OFF on input line 4547.
Package hyperref Info: Link nesting OFF on input line 4552.
Package hyperref Info: Hyper index ON on input line 4555.
Package hyperref Info: Plain pages OFF on input line 4562.
Package hyperref Info: Backreferencing OFF on input line 4567.
Package hyperref Info: Implicit mode ON; LaTeX internals redefined.
Package hyperref Info: Bookmarks ON on input line 4800.
\c@Hy@tempcnt=\count291

(/usr/share/texlive/texmf-dist/tex/latex/url/url.sty
\Urlmuskip=\muskip17
Package: url 2013/09/16  ver 3.4  Verb mode for urls, etc.
)
LaTeX Info: Redefining \url on input line 5159.
\XeTeXLinkMargin=\dimen256

(/usr/share/texlive/texmf-dist/tex/generic/bitset/bitset.sty
Package: bitset 2019/12/09 v1.3 Handle bit-vector datatype (HO)

(/usr/share/texlive/texmf-dist/tex/generic/bigintcalc/bigintcalc.sty
Package: bigintcalc 2019/12/15 v1.5 Expandable calculations on big integers (HO
)
))
\Fld@menulength=\count292
\Field@Width=\dimen257
\Fld@charsize=\dimen258
Package hyperref Info: Hyper figures OFF on input line 6430.
Package hyperref Info: Link nesting OFF on input line 6435.
Package hyperref Info: Hyper index ON on input line 6438.
Package hyperref Info: backreferencing OFF on input line 6445.
Package hyperref Info: Link coloring OFF on input line 6450.
Package hyperref Info: Link coloring with OCG OFF on input line 6455.
Package hyperref Info: PDF/A mode OFF on input line 6460.
LaTeX Info: Redefining \ref on input line 6500.
LaTeX Info: Redefining \pageref on input line 6504.

(/usr/share/texlive/texmf-dist/tex/generic/atbegshi/atbegshi.sty
Package: atbegshi 2019/12/05 v1.19 At begin shipout hook (HO)
)
\Hy@abspage=\count293
\c@Item=\count294
\c@Hfootnote=\count295
)
Package hyperref Info: Driver (autodetected): hpdftex.

(/usr/share/texlive/texmf-dist/tex/latex/hyperref/hpdftex.def
File: hpdftex.def 2020/01/14 v7.00d Hyperref driver for pdfTeX

(/usr/share/texlive/texmf-dist/tex/latex/atveryend/atveryend.sty
Package: atveryend 2019-12-11 v1.11 Hooks at the very end of document (HO)
Package atveryend Info: \enddocument detected (standard20110627).
)
\Fld@listcount=\count296
\c@bookmark@seq@number=\count297

(/usr/share/texlive/texmf-dist/tex/latex/rerunfilecheck/rerunfilecheck.sty
Package: rerunfilecheck 2019/12/05 v1.9 Rerun checks for auxiliary files (HO)

(/usr/share/texlive/texmf-dist/tex/generic/uniquecounter/uniquecounter.sty
Package: uniquecounter 2019/12/15 v1.4 Provide unlimited unique counter (HO)
)
Package uniquecounter Info: New unique counter `rerunfilecheck' on input line 2
86.
)
\Hy@SectionHShift=\skip52
)
(/usr/share/texlive/texmf-dist/tex/latex/mathtools/mathtools.sty
Package: mathtools 2020/01/17 v1.23 mathematical typesetting tools

(/usr/share/texlive/texmf-dist/tex/latex/tools/calc.sty
Package: calc 2017/05/25 v4.3 Infix arithmetic (KKT,FJ)
\calc@Acount=\count298
\calc@Bcount=\count299
\calc@Adimen=\dimen259
\calc@Bdimen=\dimen260
\calc@Askip=\skip53
\calc@Bskip=\skip54
LaTeX Info: Redefining \setlength on input line 80.
LaTeX Info: Redefining \addtolength on input line 81.
\calc@Ccount=\count300
\calc@Cskip=\skip55
)
(/usr/share/texlive/texmf-dist/tex/latex/mathtools/mhsetup.sty
Package: mhsetup 2017/03/31 v1.3 programming setup (MH)
)
LaTeX Info: Thecontrolsequence`\('isalreadyrobust on input line 129.
LaTeX Info: Thecontrolsequence`\)'isalreadyrobust on input line 129.
LaTeX Info: Thecontrolsequence`\['isalreadyrobust on input line 129.
LaTeX Info: Thecontrolsequence`\]'isalreadyrobust on input line 129.
\g_MT_multlinerow_int=\count301
\l_MT_multwidth_dim=\dimen261
\origjot=\skip56
\l_MT_shortvdotswithinadjustabove_dim=\dimen262
\l_MT_shortvdotswithinadjustbelow_dim=\dimen263
\l_MT_above_intertext_sep=\dimen264
\l_MT_below_intertext_sep=\dimen265
\l_MT_above_shortintertext_sep=\dimen266
\l_MT_below_shortintertext_sep=\dimen267
)
(/usr/share/texlive/texmf-dist/tex/latex/tools/multicol.sty
Package: multicol 2019/12/09 v1.8y multicolumn formatting (FMi)
\c@tracingmulticols=\count302
\mult@box=\box58
\multicol@leftmargin=\dimen268
\c@unbalance=\count303
\c@collectmore=\count304
\doublecol@number=\count305
\multicoltolerance=\count306
\multicolpretolerance=\count307
\full@width=\dimen269
\page@free=\dimen270
\premulticols=\dimen271
\postmulticols=\dimen272
\multicolsep=\skip57
\multicolbaselineskip=\skip58
\partial@page=\box59
\last@line=\box60
\maxbalancingoverflow=\dimen273
\mult@rightbox=\box61
\mult@grightbox=\box62
\mult@gfirstbox=\box63
\mult@firstbox=\box64
\@tempa=\box65
\@tempa=\box66
\@tempa=\box67
\@tempa=\box68
\@tempa=\box69
\@tempa=\box70
\@tempa=\box71
\@tempa=\box72
\@tempa=\box73
\@tempa=\box74
\@tempa=\box75
\@tempa=\box76
\@tempa=\box77
\@tempa=\box78
\@tempa=\box79
\@tempa=\box80
\@tempa=\box81
\@tempa=\box82
\@tempa=\box83
\@tempa=\box84
\@tempa=\box85
\@tempa=\box86
\@tempa=\box87
\@tempa=\box88
\@tempa=\box89
\@tempa=\box90
\@tempa=\box91
\@tempa=\box92
\@tempa=\box93
\@tempa=\box94
\@tempa=\box95
\@tempa=\box96
\@tempa=\box97
\@tempa=\box98
\@tempa=\box99
\@tempa=\box100
\@tempa=\box101
\c@minrows=\count308
\c@columnbadness=\count309
\c@finalcolumnbadness=\count310
\last@try=\dimen274
\multicolovershoot=\dimen275
\multicolundershoot=\dimen276
\mult@nat@firstbox=\box102
\colbreak@box=\box103
\mc@col@check@num=\count311
)
(/usr/share/texlive/texmf-dist/tex/latex/setspace/setspace.sty
Package: setspace 2011/12/19 v6.7a set line spacing
)
(/usr/share/texlive/texmf-dist/tex/latex/mathtools/empheq.sty
Package: empheq 2017/03/31 v2.15 Emphasizing equations
\l_EQ_equationtype_int=\count312
\l_EQ_alignmentmode_int=\count313
\l_EQ_totalwidth_dim=\dimen277
\l_EQ_displaywidth_dim=\dimen278
\l_EQ_temp_linewidth_dim=\dimen279
\EmphEqdelimitershortfall=\dimen280
\EmphEqdelimiterfactor=\count314
\g_EQ_toptag_height_dim=\dimen281
\g_EQ_bottomtag_depth_dim=\dimen282
\g_EQ_toprow_height_dim=\dimen283
\g_EQ_bottomrow_depth_dim=\dimen284
\g_EQ_widesttag_dim=\dimen285
\EQ_mathdisplay_box=\box104
\EQ_tag_box=\box105
\g_EQ_temprow_int=\count315
)
(/usr/share/texlive/texmf-dist/tex/latex/bbm-macros/bbm.sty
Package: bbm 1999/03/15 V 1.2 provides fonts for set symbols - TH
LaTeX Font Info:    Overwriting math alphabet `\mathbbm' in version `bold'
(Font)                  U/bbm/m/n --> U/bbm/bx/n on input line 33.
LaTeX Font Info:    Overwriting math alphabet `\mathbbmss' in version `bold'
(Font)                  U/bbmss/m/n --> U/bbmss/bx/n on input line 35.
)
(/usr/share/texlive/texmf-dist/tex/latex/doublestroke/dsfont.sty
Package: dsfont 1995/08/01 v0.1 Double stroke roman fonts
)
(/usr/share/texlive/texmf-dist/tex/latex/geometry/geometry.sty
Package: geometry 2020/01/02 v5.9 Page Geometry

(/usr/share/texlive/texmf-dist/tex/generic/iftex/ifvtex.sty
Package: ifvtex 2019/10/25 v1.7 ifvtex legacy package. Use iftex instead.
)
\Gm@cnth=\count316
\Gm@cntv=\count317
\c@Gm@tempcnt=\count318
\Gm@bindingoffset=\dimen286
\Gm@wd@mp=\dimen287
\Gm@odd@mp=\dimen288
\Gm@even@mp=\dimen289
\Gm@layoutwidth=\dimen290
\Gm@layoutheight=\dimen291
\Gm@layouthoffset=\dimen292
\Gm@layoutvoffset=\dimen293
\Gm@dimlist=\toks34
)
(/usr/share/texlive/texmf-dist/tex/latex/enumitem/enumitem.sty
Package: enumitem 2019/06/20 v3.9 Customized lists
\labelindent=\skip59
\enit@outerparindent=\dimen294
\enit@toks=\toks35
\enit@inbox=\box106
\enit@count@id=\count319
\enitdp@description=\count320
)
(/usr/share/texlive/texmf-dist/tex/latex/footmisc/footmisc.sty
Package: footmisc 2011/06/06 v5.5b a miscellany of footnote facilities
\FN@temptoken=\toks36
\footnotemargin=\dimen295
\c@pp@next@reset=\count321
Package footmisc Info: Declaring symbol style bringhurst on input line 855.
Package footmisc Info: Declaring symbol style chicago on input line 863.
Package footmisc Info: Declaring symbol style wiley on input line 872.
Package footmisc Info: Declaring symbol style lamport-robust on input line 883.

Package footmisc Info: Declaring symbol style lamport* on input line 903.
Package footmisc Info: Declaring symbol style lamport*-robust on input line 924
.
)
(/usr/share/texlive/texmf-dist/tex/latex/graphics/lscape.sty
Package: lscape 2000/10/22 v3.01 Landscape Pages (DPC)
)
(/usr/share/texlive/texmf-dist/tex/latex/tcolorbox/tcolorbox.sty
Package: tcolorbox 2019/11/15 version 4.22 text color boxes

(/usr/share/texlive/texmf-dist/tex/latex/tools/verbatim.sty
Package: verbatim 2019/11/10 v1.5r LaTeX2e package for verbatim enhancements
\every@verbatim=\toks37
\verbatim@line=\toks38
\verbatim@in@stream=\read3
)
(/usr/share/texlive/texmf-dist/tex/latex/environ/environ.sty
Package: environ 2014/05/04 v0.3 A new way to define environments

(/usr/share/texlive/texmf-dist/tex/latex/trimspaces/trimspaces.sty
Package: trimspaces 2009/09/17 v1.1 Trim spaces around a token list
))
(/usr/share/texlive/texmf-dist/tex/latex/etoolbox/etoolbox.sty
Package: etoolbox 2019/09/21 v2.5h e-TeX tools for LaTeX (JAW)
\etb@tempcnta=\count322
)
\tcb@titlebox=\box107
\tcb@upperbox=\box108
\tcb@lowerbox=\box109
\tcb@phantombox=\box110
\c@tcbbreakpart=\count323
\c@tcblayer=\count324
\tcolorbox@number=\count325
\tcb@temp=\box111
\tcb@temp=\box112
\tcb@temp=\box113
\tcb@temp=\box114
\tcb@out=\write4
\tcb@record@out=\write5
)
(/usr/share/texlive/texmf-dist/tex/latex/caption/caption.sty
Package: caption 2020/01/03 v3.4h Customizing captions (AR)

(/usr/share/texlive/texmf-dist/tex/latex/caption/caption3.sty
Package: caption3 2020/01/03 v1.8h caption3 kernel (AR)
Package caption3 Info: TeX engine: e-TeX on input line 61.
\captionmargin=\dimen296
\captionmargin@=\dimen297
\captionwidth=\dimen298
\caption@tempdima=\dimen299
\caption@indent=\dimen300
\caption@parindent=\dimen301
\caption@hangindent=\dimen302
Package caption Info: Standard document class detected.
)
\c@caption@flags=\count326
\c@continuedfloat=\count327
Package caption Info: hyperref package is loaded.
)
(/usr/share/texlive/texmf-dist/tex/latex/subfig/subfig.sty
Package: subfig 2005/06/28 ver: 1.3 subfig package
\c@KVtest=\count328
\sf@farskip=\skip60
\sf@captopadj=\dimen303
\sf@capskip=\skip61
\sf@nearskip=\skip62
\c@subfigure=\count329
\c@subfigure@save=\count330
\c@lofdepth=\count331
\c@subtable=\count332
\c@subtable@save=\count333
\c@lotdepth=\count334
\sf@top=\skip63
\sf@bottom=\skip64
)
(/usr/share/texlive/texmf-dist/tex/latex/multirow/multirow.sty
Package: multirow 2019/05/31 v2.5 Span multiple rows of a table
\multirow@colwidth=\skip65
\multirow@cntb=\count335
\multirow@dima=\skip66
\bigstrutjot=\dimen304
)
(/usr/share/texlive/texmf-dist/tex/generic/pgf/frontendlayer/tikz/libraries/tik
zlibraryshapes.code.tex
File: tikzlibraryshapes.code.tex 2020/01/08 v3.1.5b (3.1.5b)

(/usr/share/texlive/texmf-dist/tex/generic/pgf/frontendlayer/tikz/libraries/tik
zlibraryshapes.geometric.code.tex
File: tikzlibraryshapes.geometric.code.tex 2020/01/08 v3.1.5b (3.1.5b)

(/usr/share/texlive/texmf-dist/tex/generic/pgf/libraries/shapes/pgflibraryshape
s.geometric.code.tex
File: pgflibraryshapes.geometric.code.tex 2020/01/08 v3.1.5b (3.1.5b)
))
(/usr/share/texlive/texmf-dist/tex/generic/pgf/frontendlayer/tikz/libraries/tik
zlibraryshapes.misc.code.tex
File: tikzlibraryshapes.misc.code.tex 2020/01/08 v3.1.5b (3.1.5b)

(/usr/share/texlive/texmf-dist/tex/generic/pgf/libraries/shapes/pgflibraryshape
s.misc.code.tex
File: pgflibraryshapes.misc.code.tex 2020/01/08 v3.1.5b (3.1.5b)
))
(/usr/share/texlive/texmf-dist/tex/generic/pgf/frontendlayer/tikz/libraries/tik
zlibraryshapes.symbols.code.tex
File: tikzlibraryshapes.symbols.code.tex 2020/01/08 v3.1.5b (3.1.5b)

(/usr/share/texlive/texmf-dist/tex/generic/pgf/libraries/shapes/pgflibraryshape
s.symbols.code.tex
File: pgflibraryshapes.symbols.code.tex 2020/01/08 v3.1.5b (3.1.5b)
))
(/usr/share/texlive/texmf-dist/tex/generic/pgf/frontendlayer/tikz/libraries/tik
zlibraryshapes.arrows.code.tex
File: tikzlibraryshapes.arrows.code.tex 2020/01/08 v3.1.5b (3.1.5b)

(/usr/share/texlive/texmf-dist/tex/generic/pgf/libraries/shapes/pgflibraryshape
s.arrows.code.tex
File: pgflibraryshapes.arrows.code.tex 2020/01/08 v3.1.5b (3.1.5b)
))
(/usr/share/texlive/texmf-dist/tex/generic/pgf/frontendlayer/tikz/libraries/tik
zlibraryshapes.callouts.code.tex
(/usr/share/texlive/texmf-dist/tex/generic/pgf/libraries/shapes/pgflibraryshape
s.callouts.code.tex))
(/usr/share/texlive/texmf-dist/tex/generic/pgf/frontendlayer/tikz/libraries/tik
zlibraryshapes.multipart.code.tex
File: tikzlibraryshapes.multipart.code.tex 2020/01/08 v3.1.5b (3.1.5b)

(/usr/share/texlive/texmf-dist/tex/generic/pgf/libraries/shapes/pgflibraryshape
s.multipart.code.tex
File: pgflibraryshapes.multipart.code.tex 2020/01/08 v3.1.5b (3.1.5b)
\pgfnodepartlowerbox=\box115
\pgfnodeparttwobox=\box116
\pgfnodepartthreebox=\box117
\pgfnodepartfourbox=\box118
\pgfnodeparttwentybox=\box119
\pgfnodepartnineteenbox=\box120
\pgfnodeparteighteenbox=\box121
\pgfnodepartseventeenbox=\box122
\pgfnodepartsixteenbox=\box123
\pgfnodepartfifteenbox=\box124
\pgfnodepartfourteenbox=\box125
\pgfnodepartthirteenbox=\box126
\pgfnodeparttwelvebox=\box127
\pgfnodepartelevenbox=\box128
\pgfnodeparttenbox=\box129
\pgfnodepartninebox=\box130
\pgfnodeparteightbox=\box131
\pgfnodepartsevenbox=\box132
\pgfnodepartsixbox=\box133
\pgfnodepartfivebox=\box134
)))
(/usr/share/texlive/texmf-dist/tex/generic/pgf/frontendlayer/tikz/libraries/tik
zlibrarysnakes.code.tex
File: tikzlibrarysnakes.code.tex 2020/01/08 v3.1.5b (3.1.5b)


Package pgf Warning: Snakes have been superseded by decorations. Please use the
 decoration libraries instead of the snakes library on input line 14.


(/usr/share/texlive/texmf-dist/tex/generic/pgf/frontendlayer/tikz/libraries/tik
zlibrarydecorations.pathmorphing.code.tex
(/usr/share/texlive/texmf-dist/tex/generic/pgf/frontendlayer/tikz/libraries/tik
zlibrarydecorations.code.tex
(/usr/share/texlive/texmf-dist/tex/generic/pgf/modules/pgfmoduledecorations.cod
e.tex
\pgfdecoratedcompleteddistance=\dimen305
\pgfdecoratedremainingdistance=\dimen306
\pgfdecoratedinputsegmentcompleteddistance=\dimen307
\pgfdecoratedinputsegmentremainingdistance=\dimen308
\pgf@decorate@distancetomove=\dimen309
\pgf@decorate@repeatstate=\count336
\pgfdecorationsegmentamplitude=\dimen310
\pgfdecorationsegmentlength=\dimen311
)
\tikz@lib@dec@box=\box135
)
(/usr/share/texlive/texmf-dist/tex/generic/pgf/libraries/decorations/pgflibrary
decorations.pathmorphing.code.tex))
(/usr/share/texlive/texmf-dist/tex/generic/pgf/frontendlayer/tikz/libraries/tik
zlibrarydecorations.pathreplacing.code.tex
(/usr/share/texlive/texmf-dist/tex/generic/pgf/libraries/decorations/pgflibrary
decorations.pathreplacing.code.tex))
(/usr/share/texlive/texmf-dist/tex/generic/pgf/frontendlayer/tikz/libraries/tik
zlibrarydecorations.shapes.code.tex
(/usr/share/texlive/texmf-dist/tex/generic/pgf/libraries/decorations/pgflibrary
decorations.shapes.code.tex)))
(/usr/share/texlive/texmf-dist/tex/latex/titlesec/titlesec.sty
Package: titlesec 2019/10/16 v2.13 Sectioning titles
\ttl@box=\box136
\beforetitleunit=\skip67
\aftertitleunit=\skip68
\ttl@plus=\dimen312
\ttl@minus=\dimen313
\ttl@toksa=\toks39
\titlewidth=\dimen314
\titlewidthlast=\dimen315
\titlewidthfirst=\dimen316
)
\c@definition=\count337

(/usr/share/texlive/texmf-dist/tex/generic/pgf/frontendlayer/tikz/libraries/tik
zlibrarypositioning.code.tex
File: tikzlibrarypositioning.code.tex 2020/01/08 v3.1.5b (3.1.5b)
)
\c@example=\count338
\c@theorem=\count339
\c@claim=\count340
\c@corollary=\count341
\c@assumption=\count342
\c@lemma=\count343
\c@observation=\count344
\c@proposition=\count345
\c@remark=\count346

(/usr/share/texlive/texmf-dist/tex/latex/l3backend/l3backend-pdfmode.def
File: l3backend-pdfmode.def 2020-02-03 L3 backend support: PDF mode
\l__kernel_color_stack_int=\count347
\l__pdf_internal_box=\box137
)
(./draft.aux)
\openout1 = `draft.aux'.

LaTeX Font Info:    Checking defaults for OML/cmm/m/it on input line 81.
LaTeX Font Info:    ... okay on input line 81.
LaTeX Font Info:    Checking defaults for OMS/cmsy/m/n on input line 81.
LaTeX Font Info:    ... okay on input line 81.
LaTeX Font Info:    Checking defaults for OT1/cmr/m/n on input line 81.
LaTeX Font Info:    ... okay on input line 81.
LaTeX Font Info:    Checking defaults for T1/cmr/m/n on input line 81.
LaTeX Font Info:    ... okay on input line 81.
LaTeX Font Info:    Checking defaults for TS1/cmr/m/n on input line 81.
LaTeX Font Info:    ... okay on input line 81.
LaTeX Font Info:    Checking defaults for OMX/cmex/m/n on input line 81.
LaTeX Font Info:    ... okay on input line 81.
LaTeX Font Info:    Checking defaults for U/cmr/m/n on input line 81.
LaTeX Font Info:    ... okay on input line 81.
LaTeX Font Info:    Checking defaults for PD1/pdf/m/n on input line 81.
LaTeX Font Info:    ... okay on input line 81.
 ABD: EveryShipout initializing macros
(/usr/share/texlive/texmf-dist/tex/context/base/mkii/supp-pdf.mkii
[Loading MPS to PDF converter (version 2006.09.02).]
\scratchcounter=\count348
\scratchdimen=\dimen317
\scratchbox=\box138
\nofMPsegments=\count349
\nofMParguments=\count350
\everyMPshowfont=\toks40
\MPscratchCnt=\count351
\MPscratchDim=\dimen318
\MPnumerator=\count352
\makeMPintoPDFobject=\count353
\everyMPtoPDFconversion=\toks41
) (/usr/share/texlive/texmf-dist/tex/latex/epstopdf-pkg/epstopdf-base.sty
Package: epstopdf-base 2020-01-24 v2.11 Base part for package epstopdf
Package epstopdf-base Info: Redefining graphics rule for `.eps' on input line 4
85.

(/usr/share/texlive/texmf-dist/tex/latex/latexconfig/epstopdf-sys.cfg
File: epstopdf-sys.cfg 2010/07/13 v1.3 Configuration of (r)epstopdf for TeX Liv
e
))
\AtBeginShipoutBox=\box139
Package hyperref Info: Link coloring OFF on input line 81.

(/usr/share/texlive/texmf-dist/tex/latex/hyperref/nameref.sty
Package: nameref 2019/09/16 v2.46 Cross-referencing by name of section

(/usr/share/texlive/texmf-dist/tex/latex/refcount/refcount.sty
Package: refcount 2019/12/15 v3.6 Data extraction from label references (HO)
)
(/usr/share/texlive/texmf-dist/tex/generic/gettitlestring/gettitlestring.sty
Package: gettitlestring 2019/12/15 v1.6 Cleanup title references (HO)
)
\c@section@level=\count354
)
LaTeX Info: Redefining \ref on input line 81.
LaTeX Info: Redefining \pageref on input line 81.
LaTeX Info: Redefining \nameref on input line 81.

(./draft.out) (./draft.out)
\@outlinefile=\write6
\openout6 = `draft.out'.


*geometry* driver: auto-detecting
*geometry* detected driver: pdftex
*geometry* verbose mode - [ preamble ] result:
* driver: pdftex
* paper: <default>
* layout: <same size as paper>
* layoutoffset:(h,v)=(0.0pt,0.0pt)
* modes: 
* h-part:(L,W,R)=(92.14519pt, 430.00462pt, 92.14519pt)
* v-part:(T,H,B)=(95.39737pt, 556.47656pt, 143.09605pt)
* \paperwidth=614.295pt
* \paperheight=794.96999pt
* \textwidth=430.00462pt
* \textheight=556.47656pt
* \oddsidemargin=19.8752pt
* \evensidemargin=19.8752pt
* \topmargin=-13.87262pt
* \headheight=12.0pt
* \headsep=25.0pt
* \topskip=10.0pt
* \footskip=30.0pt
* \marginparwidth=65.0pt
* \marginparsep=11.0pt
* \columnsep=10.0pt
* \skip\footins=9.0pt plus 4.0pt minus 2.0pt
* \hoffset=0.0pt
* \voffset=0.0pt
* \mag=1000
* \@twocolumnfalse
* \@twosidefalse
* \@mparswitchfalse
* \@reversemarginfalse
* (1in=72.27pt=25.4mm, 1cm=28.453pt)

Package caption Info: Begin \AtBeginDocument code.
Package caption Info: subfig package v1.3 is loaded.
Package caption Info: End \AtBeginDocument code.
LaTeX Font Info:    Trying to load font information for U+msa on input line 86.

(/usr/share/texlive/texmf-dist/tex/latex/amsfonts/umsa.fd
File: umsa.fd 2013/01/14 v3.01 AMS symbols A
)
LaTeX Font Info:    Trying to load font information for U+msb on input line 86.


(/usr/share/texlive/texmf-dist/tex/latex/amsfonts/umsb.fd
File: umsb.fd 2013/01/14 v3.01 AMS symbols B
)

LaTeX Warning: No \author given.

(./draft.toc)
\tf@toc=\write7
\openout7 = `draft.toc'.


Underfull \hbox (badness 10000) in paragraph at lines 97--97
[][]\OT1/cmr/m/n/8 See Face-book Trans-parency Cen-ter, Con-tent re-stric-tions
 based on Lo-cal Law:
 []

[1

{/var/lib/texmf/fonts/map/pdftex/updmap/pdftex.map}] [2]
Underfull \hbox (badness 2293) in paragraph at lines 124--124
[][]\OT1/cmr/m/n/8 See for ex-am-ple the rank-ing of the most pop-u-lar so-cial
 net-works as of April 2021 on Statista:
 []

<./img/fb_logo.png, id=145, 225.84375pt x 225.84375pt>
File: ./img/fb_logo.png Graphic file (type png)
<use ./img/fb_logo.png>
Package pdftex.def Info: ./img/fb_logo.png  used on input line 132.
(pdftex.def)             Requested size: 11.29285pt x 11.29285pt.
<./img/tw_logo.png, id=148, 1204.5pt x 979.66pt>
File: ./img/tw_logo.png Graphic file (type png)
<use ./img/tw_logo.png>
Package pdftex.def Info: ./img/tw_logo.png  used on input line 134.
(pdftex.def)             Requested size: 8.43604pt x 6.8613pt.
<./img/yt_logo.png, id=152, 351.3125pt x 244.915pt>
File: ./img/yt_logo.png Graphic file (type png)
<use ./img/yt_logo.png>
Package pdftex.def Info: ./img/yt_logo.png  used on input line 135.
(pdftex.def)             Requested size: 10.53891pt x 7.34712pt.

LaTeX Warning: `h' float specifier changed to `ht'.

[3]
<./img/fb/fig1_fb.png, id=170, 1016.79875pt x 384.43625pt>
File: ./img/fb/fig1_fb.png Graphic file (type png)
<use ./img/fb/fig1_fb.png>
Package pdftex.def Info: ./img/fb/fig1_fb.png  used on input line 182.
(pdftex.def)             Requested size: 305.04198pt x 115.33176pt.


LaTeX Warning: `h' float specifier changed to `ht'.

[4 <./img/fb_logo.png> <./img/tw_logo.png> <./img/yt_logo.png>]
<./img/lifesite.jpg, id=199, 594.22pt x 376.40625pt>
File: ./img/lifesite.jpg Graphic file (type jpg)
<use ./img/lifesite.jpg>
Package pdftex.def Info: ./img/lifesite.jpg  used on input line 200.
(pdftex.def)             Requested size: 207.98012pt x 131.74416pt.
<./img/lifesite_rolling_7_lifesite.jpg, id=200, 606.265pt x 373.395pt>
File: ./img/lifesite_rolling_7_lifesite.jpg Graphic file (type jpg)
<use ./img/lifesite_rolling_7_lifesite.jpg>
Package pdftex.def Info: ./img/lifesite_rolling_7_lifesite.jpg  used on input l
ine 203.
(pdftex.def)             Requested size: 212.19592pt x 130.6902pt.


LaTeX Warning: `h' float specifier changed to `ht'.

[5 <./img/fb/fig1_fb.png>]
<./img/oann/fig3_oann.png, id=221, 606.265pt x 560.0925pt>
File: ./img/oann/fig3_oann.png Graphic file (type png)
<use ./img/oann/fig3_oann.png>
Package pdftex.def Info: ./img/oann/fig3_oann.png  used on input line 222.
(pdftex.def)             Requested size: 127.3194pt x 117.6229pt.
<./img/tony/fig3_tony.png, id=222, 606.265pt x 373.395pt>
File: ./img/tony/fig3_tony.png Graphic file (type png)
<use ./img/tony/fig3_tony.png>
Package pdftex.def Info: ./img/tony/fig3_tony.png  used on input line 225.
(pdftex.def)             Requested size: 187.9402pt x 115.75125pt.


LaTeX Warning: `h' float specifier changed to `ht'.

<./img/oann/fig1_oann.png, id=228, 799.98875pt x 370.38374pt>
File: ./img/oann/fig1_oann.png Graphic file (type png)
<use ./img/oann/fig1_oann.png>
Package pdftex.def Info: ./img/oann/fig1_oann.png  used on input line 238.
(pdftex.def)             Requested size: 215.99985pt x 100.00494pt.
<./img/oann/fig2_oann.png, id=229, 764.8575pt x 381.425pt>
File: ./img/oann/fig2_oann.png Graphic file (type png)
<use ./img/oann/fig2_oann.png>
Package pdftex.def Info: ./img/oann/fig2_oann.png  used on input line 241.
(pdftex.def)             Requested size: 198.85825pt x 99.16815pt.

LaTeX Warning: `h' float specifier changed to `ht'.

[6 <./img/lifesite.jpg> <./img/lifesite_rolling_7_lifesite.jpg>]
<./img/tony/fig1_tony.png, id=240, 587.19376pt x 281.05pt>
File: ./img/tony/fig1_tony.png Graphic file (type png)
<use ./img/tony/fig1_tony.png>
Package pdftex.def Info: ./img/tony/fig1_tony.png  used on input line 254.
(pdftex.def)             Requested size: 205.52089pt x 98.36896pt.
<./img/tony/fig2_tony.png, id=241, 584.1825pt x 289.08pt>
File: ./img/tony/fig2_tony.png Graphic file (type png)
<use ./img/tony/fig2_tony.png>
Package pdftex.def Info: ./img/tony/fig2_tony.png  used on input line 257.
(pdftex.def)             Requested size: 198.61942pt x 98.28589pt.


LaTeX Warning: `h' float specifier changed to `ht'.

[7 <./img/oann/fig3_oann.png> <./img/tony/fig3_tony.png> <./img/oann/fig1_oann.
png> <./img/oann/fig2_oann.png>]
<./img/fb_flags/fb_flag_1.png, id=256, 292.09125pt x 188.705pt>
File: ./img/fb_flags/fb_flag_1.png Graphic file (type png)
<use ./img/fb_flags/fb_flag_1.png>
Package pdftex.def Info: ./img/fb_flags/fb_flag_1.png  used on input line 279.
(pdftex.def)             Requested size: 102.23346pt x 66.04773pt.
<./img/fb_flags/fb_flag_2.png, id=257, 277.035pt x 189.70876pt>
File: ./img/fb_flags/fb_flag_2.png Graphic file (type png)
<use ./img/fb_flags/fb_flag_2.png>
Package pdftex.def Info: ./img/fb_flags/fb_flag_2.png  used on input line 280.
(pdftex.def)             Requested size: 96.9637pt x 66.39905pt.
<./img/fb_flags/fb_flag_3.png, id=258, 262.9825pt x 122.4575pt>
File: ./img/fb_flags/fb_flag_3.png Graphic file (type png)
<use ./img/fb_flags/fb_flag_3.png>
Package pdftex.def Info: ./img/fb_flags/fb_flag_3.png  used on input line 281.
(pdftex.def)             Requested size: 128.86253pt x 60.00468pt.

Overfull \hbox (40.2077pt too wide) in paragraph at lines 282--282
\OT1/cmr/m/n/8 book.com/groups/473809623000471/permalink/1333200093728082[], []
face-book.com/691911990845585/posts/3835629366473816[]).| 
 []

[8 <./img/tony/fig1_tony.png> <./img/tony/fig2_tony.png> <./img/fb_flags/fb_fla
g_1.png> <./img/fb_flags/fb_flag_2.png> <./img/fb_flags/fb_flag_3.png>]
<./img/tweets/Capture_2021-06-30_2.png, id=289, 605.26125pt x 405.515pt>
File: ./img/tweets/Capture_2021-06-30_2.png Graphic file (type png)
<use ./img/tweets/Capture_2021-06-30_2.png>
Package pdftex.def Info: ./img/tweets/Capture_2021-06-30_2.png  used on input l
ine 318.
(pdftex.def)             Requested size: 211.8446pt x 141.93236pt.
<./img/tweets/Capture_2021-06-30.png, id=290, 601.24625pt x 462.72874pt>
File: ./img/tweets/Capture_2021-06-30.png Graphic file (type png)
<use ./img/tweets/Capture_2021-06-30.png>
Package pdftex.def Info: ./img/tweets/Capture_2021-06-30.png  used on input lin
e 321.
(pdftex.def)             Requested size: 192.40273pt x 148.07622pt.


LaTeX Warning: `h' float specifier changed to `ht'.

[9]
<./img/tweets/Capture_2021-07-01_2.png, id=307, 604.2575pt x 392.46625pt>
File: ./img/tweets/Capture_2021-07-01_2.png Graphic file (type png)
<use ./img/tweets/Capture_2021-07-01_2.png>
Package pdftex.def Info: ./img/tweets/Capture_2021-07-01_2.png  used on input l
ine 338.
(pdftex.def)             Requested size: 211.49329pt x 137.36523pt.
<./img/tweets/Capture_2021-07-01.png, id=308, 605.26125pt x 462.72874pt>
File: ./img/tweets/Capture_2021-07-01.png Graphic file (type png)
<use ./img/tweets/Capture_2021-07-01.png>
Package pdftex.def Info: ./img/tweets/Capture_2021-07-01.png  used on input lin
e 341.
(pdftex.def)             Requested size: 211.8446pt x 161.95749pt.
 [10 <./img/tweets/Capture_2021-06-30_2.png> <./img/tweets/Capture_2021-06-30.p
ng> <./img/tweets/Capture_2021-07-01_2.png> <./img/tweets/Capture_2021-07-01.pn
g>] [11]
Underfull \hbox (badness 10000) in paragraph at lines 373--373
[][]\OT1/cmr/m/n/8 See: []youtube.com/watch?v=OwqIy8Ikv-c[], []youtube.com/watc
h?v=9sW0OmzcmL0[],
 []

<./img/youtube_panels/yt_1.png, id=341, 1214.5375pt x 201.75375pt>
File: ./img/youtube_panels/yt_1.png Graphic file (type png)
<use ./img/youtube_panels/yt_1.png>
Package pdftex.def Info: ./img/youtube_panels/yt_1.png  used on input line 379.

(pdftex.def)             Requested size: 364.36406pt x 60.52658pt.
<./img/youtube_panels/yt_2.png, id=342, 1244.65pt x 163.61125pt>
File: ./img/youtube_panels/yt_2.png Graphic file (type png)
<use ./img/youtube_panels/yt_2.png>
Package pdftex.def Info: ./img/youtube_panels/yt_2.png  used on input line 382.

(pdftex.def)             Requested size: 360.93925pt x 47.44604pt.
<./img/youtube_panels/yt_3.png, id=343, 1230.5975pt x 164.615pt>
File: ./img/youtube_panels/yt_3.png Graphic file (type png)
<use ./img/youtube_panels/yt_3.png>
Package pdftex.def Info: ./img/youtube_panels/yt_3.png  used on input line 385.

(pdftex.def)             Requested size: 361.8026pt x 48.39772pt.
<./img/youtube_panels/yt_4.png, id=344, 1178.4025pt x 70.2625pt>
File: ./img/youtube_panels/yt_4.png Graphic file (type png)
<use ./img/youtube_panels/yt_4.png>
Package pdftex.def Info: ./img/youtube_panels/yt_4.png  used on input line 388.

(pdftex.def)             Requested size: 353.52348pt x 21.0789pt.
<./img/youtube_panels/graph_with_banner.png, id=355, 875.27pt x 639.38875pt>
File: ./img/youtube_panels/graph_with_banner.png Graphic file (type png)
<use ./img/youtube_panels/graph_with_banner.png>
Package pdftex.def Info: ./img/youtube_panels/graph_with_banner.png  used on in
put line 401.
(pdftex.def)             Requested size: 175.05089pt x 127.87547pt.
<./img/youtube_panels/news_with_banner.png, id=356, 870.25125pt x 635.37375pt>
File: ./img/youtube_panels/news_with_banner.png Graphic file (type png)
<use ./img/youtube_panels/news_with_banner.png>
Package pdftex.def Info: ./img/youtube_panels/news_with_banner.png  used on inp
ut line 404.
(pdftex.def)             Requested size: 174.04716pt x 127.0725pt.
<./img/youtube_panels/graph_no_banner.png, id=357, 873.2625pt x 560.0925pt>
File: ./img/youtube_panels/graph_no_banner.png Graphic file (type png)
<use ./img/youtube_panels/graph_no_banner.png>
Package pdftex.def Info: ./img/youtube_panels/graph_no_banner.png  used on inpu
t line 407.
(pdftex.def)             Requested size: 174.6494pt x 112.01651pt.
<./img/youtube_panels/news_without_banner.png, id=358, 868.24374pt x 560.0925pt
>
File: ./img/youtube_panels/news_without_banner.png Graphic file (type png)
<use ./img/youtube_panels/news_without_banner.png>
Package pdftex.def Info: ./img/youtube_panels/news_without_banner.png  used on 
input line 410.
(pdftex.def)             Requested size: 173.64566pt x 112.01651pt.

LaTeX Warning: `h' float specifier changed to `ht'.

[12 <./img/youtube_panels/yt_1.png> <./img/youtube_panels/yt_2.png> <./img/yout
ube_panels/yt_3.png> <./img/youtube_panels/yt_4.png>]

LaTeX Warning: No positions in optional float specifier.
               Default added (so using `tbp') on input line 422.


Overfull \hbox (24.85686pt too wide) in paragraph at lines 423--435
[][] 
 []

[13 <./img/youtube_panels/graph_with_banner.png> <./img/youtube_panels/news_wit
h_banner.png> <./img/youtube_panels/graph_no_banner.png> <./img/youtube_panels/
news_without_banner.png>]
Underfull \hbox (badness 10000) in paragraph at lines 468--468
[][]\OT1/cmr/m/n/8 See the Iffy.news page []https://mediabiasfactcheck.com/info
wars-alex-jones/[] and Feed-back.org
 []

<./img/infowars/fb_infowars_1.png, id=398, 605.26125pt x 244.915pt>
File: ./img/infowars/fb_infowars_1.png Graphic file (type png)
<use ./img/infowars/fb_infowars_1.png>
Package pdftex.def Info: ./img/infowars/fb_infowars_1.png  used on input line 4
76.
(pdftex.def)             Requested size: 181.57976pt x 73.47505pt.
<./img/infowars/fb_infowars_2.png, id=399, 601.24625pt x 229.85875pt>
File: ./img/infowars/fb_infowars_2.png Graphic file (type png)
<use ./img/infowars/fb_infowars_2.png>
Package pdftex.def Info: ./img/infowars/fb_infowars_2.png  used on input line 4
79.
(pdftex.def)             Requested size: 180.37526pt x 68.95815pt.

LaTeX Warning: `h' float specifier changed to `ht'.


Underfull \hbox (badness 5245) in paragraph at lines 500--500
[][][]\OT1/cmr/m/n/8 https://www.snopes.com/news/2019/11/12/bl-fake-profiles/[]
, []https://www.snopes.com/news/2019/11/12/bl-
 []

[14]
<./img/beautyoflife/fb_bl_1.png, id=424, 608.2725pt x 253.94875pt>
File: ./img/beautyoflife/fb_bl_1.png Graphic file (type png)
<use ./img/beautyoflife/fb_bl_1.png>
Package pdftex.def Info: ./img/beautyoflife/fb_bl_1.png  used on input line 508
.
(pdftex.def)             Requested size: 182.48315pt x 76.1852pt.
<./img/beautyoflife/fb_bl_2.png, id=425, 594.22pt x 233.87375pt>
File: ./img/beautyoflife/fb_bl_2.png Graphic file (type png)
<use ./img/beautyoflife/fb_bl_2.png>
Package pdftex.def Info: ./img/beautyoflife/fb_bl_2.png  used on input line 511
.
(pdftex.def)             Requested size: 178.26736pt x 70.16266pt.


LaTeX Warning: `h' float specifier changed to `ht'.


Underfull \hbox (badness 4805) in paragraph at lines 525--525
[][]\OT1/cmr/m/n/8 For $\OML/cmm/m/it/8 globalresearch:ca$ \OT1/cmr/m/n/8 see [
]open.feedback.org/media/AEKA[] and []https://mediabiasfactcheck.com/global-
 []

[15 <./img/infowars/fb_infowars_1.png> <./img/infowars/fb_infowars_2.png>]
<./img/globalresearch_14_06_2021_16pm_UTC.png, id=449, 601.24625pt x 304.13625p
t>
File: ./img/globalresearch_14_06_2021_16pm_UTC.png Graphic file (type png)
<use ./img/globalresearch_14_06_2021_16pm_UTC.png>
Package pdftex.def Info: ./img/globalresearch_14_06_2021_16pm_UTC.png  used on 
input line 533.
(pdftex.def)             Requested size: 210.43933pt x 106.44928pt.
<./img/globalresearch/tweet.png, id=450, 608.2725pt x 341.275pt>
File: ./img/globalresearch/tweet.png Graphic file (type png)
<use ./img/globalresearch/tweet.png>
Package pdftex.def Info: ./img/globalresearch/tweet.png  used on input line 536
.
(pdftex.def)             Requested size: 194.65117pt x 109.21022pt.

[16 <./img/beautyoflife/fb_bl_1.png> <./img/beautyoflife/fb_bl_2.png> <./img/gl
obalresearch_14_06_2021_16pm_UTC.png> <./img/globalresearch/tweet.png>]
<./img/globalresearch/sum_globalresearch.ca_6_months.jpg, id=469, 600.2425pt x 
343.2825pt>
File: ./img/globalresearch/sum_globalresearch.ca_6_months.jpg Graphic file (typ
e jpg)
<use ./img/globalresearch/sum_globalresearch.ca_6_months.jpg>
Package pdftex.def Info: ./img/globalresearch/sum_globalresearch.ca_6_months.jp
g  used on input line 549.
(pdftex.def)             Requested size: 210.08801pt x 120.15067pt.
<./img/globalresearch/engagement_sum_rolling_1_globalresearch.ca.jpg, id=470, 6
19.31375pt x 343.2825pt>
File: ./img/globalresearch/engagement_sum_rolling_1_globalresearch.ca.jpg Graph
ic file (type jpg)
<use ./img/globalresearch/engagement_sum_rolling_1_globalresearch.ca.jpg>
Package pdftex.def Info: ./img/globalresearch/engagement_sum_rolling_1_globalre
search.ca.jpg  used on input line 552.
(pdftex.def)             Requested size: 216.76306pt x 120.15067pt.
<./img/globalresearch/warning.png, id=473, 602.25pt x 425.59pt>
File: ./img/globalresearch/warning.png Graphic file (type png)
<use ./img/globalresearch/warning.png>
Package pdftex.def Info: ./img/globalresearch/warning.png  used on input line 5
67.
(pdftex.def)             Requested size: 120.78787pt x 85.35826pt.
<./img/globalresearch/globalresearch_2021-06-14.png, id=474, 603.25375pt x 305.
14pt>
File: ./img/globalresearch/globalresearch_2021-06-14.png Graphic file (type png
)
<use ./img/globalresearch/globalresearch_2021-06-14.png>
Package pdftex.def Info: ./img/globalresearch/globalresearch_2021-06-14.png  us
ed on input line 567.
(pdftex.def)             Requested size: 168.7534pt x 85.35826pt.

[17 <./img/globalresearch/sum_globalresearch.ca_6_months.jpg> <./img/globalrese
arch/engagement_sum_rolling_1_globalresearch.ca.jpg> <./img/globalresearch/warn
ing.png> <./img/globalresearch/globalresearch_2021-06-14.png>]
Overfull \hbox (9.16295pt too wide) in paragraph at lines 615--616
[][]\OT1/cmr/m/n/10 https://misinforeview.hks.harvard.edu/article/tackling-misi
nformation-what-researchers-could-
 []

[18]
Overfull \hbox (4.02402pt too wide) in paragraph at lines 634--635
\OT1/cmr/m/n/10 https://github.com/medialab/truth-and-trust-online-2021/, so th
at other re-searchers and jour-
 []

(./draft.bbl
Underfull \hbox (badness 4391) in paragraph at lines 18--23
[]\OT1/cmr/m/n/10 Ahiza Garc^^S^^Pa-Hodges.  Youtube sus-pends oann for vi-o-la
t-ing its covid-19 pol-icy.
 []


Underfull \hbox (badness 1077) in paragraph at lines 18--23
\OT1/cmr/m/it/10 NBC-news, https://www.nbcnews.com/news/all/youtube-suspends-oa
nn-violating-its-covid-19-
 []

[19]
Underfull \hbox (badness 3724) in paragraph at lines 73--79
[]\OT1/cmr/m/n/10 Emily Saltz and Claire Lei-bow-icz.  Shadow bans, fact-checks
, info hubs: The
 []


Underfull \hbox (badness 7631) in paragraph at lines 73--79
\OT1/cmr/m/n/10 big guide to how plat-forms are han-dling mis-in-for-ma-tion in
 2021.  \OT1/cmr/m/it/10 Nie-man-
 []


Underfull \hbox (badness 2762) in paragraph at lines 73--79
\OT1/cmr/m/it/10 Lab https://www.niemanlab.org/2021/06/shadow-bans-fact-checks-
info-hubs-the-big-guide-to-
 []

) [20] [21]
File: ./img/fb_logo.png Graphic file (type png)
<use ./img/fb_logo.png>
Package pdftex.def Info: ./img/fb_logo.png  used on input line 658.
(pdftex.def)             Requested size: 11.29285pt x 11.29285pt.
File: ./img/tw_logo.png Graphic file (type png)
<use ./img/tw_logo.png>
Package pdftex.def Info: ./img/tw_logo.png  used on input line 659.
(pdftex.def)             Requested size: 8.43604pt x 6.8613pt.
File: ./img/yt_logo.png Graphic file (type png)
<use ./img/yt_logo.png>
Package pdftex.def Info: ./img/yt_logo.png  used on input line 660.
(pdftex.def)             Requested size: 10.53891pt x 7.34712pt.
File: ./img/fb_logo.png Graphic file (type png)
<use ./img/fb_logo.png>
Package pdftex.def Info: ./img/fb_logo.png  used on input line 661.
(pdftex.def)             Requested size: 11.29285pt x 11.29285pt.
File: ./img/tw_logo.png Graphic file (type png)
<use ./img/tw_logo.png>
Package pdftex.def Info: ./img/tw_logo.png  used on input line 662.
(pdftex.def)             Requested size: 8.43604pt x 6.8613pt.
File: ./img/yt_logo.png Graphic file (type png)
<use ./img/yt_logo.png>
Package pdftex.def Info: ./img/yt_logo.png  used on input line 663.
(pdftex.def)             Requested size: 10.53891pt x 7.34712pt.
File: ./img/fb_logo.png Graphic file (type png)
<use ./img/fb_logo.png>
Package pdftex.def Info: ./img/fb_logo.png  used on input line 664.
(pdftex.def)             Requested size: 11.29285pt x 11.29285pt.
File: ./img/tw_logo.png Graphic file (type png)
<use ./img/tw_logo.png>
Package pdftex.def Info: ./img/tw_logo.png  used on input line 665.
(pdftex.def)             Requested size: 8.43604pt x 6.8613pt.
File: ./img/yt_logo.png Graphic file (type png)
<use ./img/yt_logo.png>
Package pdftex.def Info: ./img/yt_logo.png  used on input line 666.
(pdftex.def)             Requested size: 10.53891pt x 7.34712pt.
File: ./img/fb_logo.png Graphic file (type png)
<use ./img/fb_logo.png>
Package pdftex.def Info: ./img/fb_logo.png  used on input line 667.
(pdftex.def)             Requested size: 11.29285pt x 11.29285pt.
File: ./img/tw_logo.png Graphic file (type png)
<use ./img/tw_logo.png>
Package pdftex.def Info: ./img/tw_logo.png  used on input line 668.
(pdftex.def)             Requested size: 8.43604pt x 6.8613pt.
File: ./img/yt_logo.png Graphic file (type png)
<use ./img/yt_logo.png>
Package pdftex.def Info: ./img/yt_logo.png  used on input line 669.
(pdftex.def)             Requested size: 10.53891pt x 7.34712pt.
File: ./img/fb_logo.png Graphic file (type png)
<use ./img/fb_logo.png>
Package pdftex.def Info: ./img/fb_logo.png  used on input line 670.
(pdftex.def)             Requested size: 11.29285pt x 11.29285pt.
File: ./img/tw_logo.png Graphic file (type png)
<use ./img/tw_logo.png>
Package pdftex.def Info: ./img/tw_logo.png  used on input line 671.
(pdftex.def)             Requested size: 8.43604pt x 6.8613pt.
File: ./img/yt_logo.png Graphic file (type png)
<use ./img/yt_logo.png>
Package pdftex.def Info: ./img/yt_logo.png  used on input line 672.
(pdftex.def)             Requested size: 10.53891pt x 7.34712pt.
File: ./img/fb_logo.png Graphic file (type png)
<use ./img/fb_logo.png>
Package pdftex.def Info: ./img/fb_logo.png  used on input line 673.
(pdftex.def)             Requested size: 11.29285pt x 11.29285pt.
File: ./img/tw_logo.png Graphic file (type png)
<use ./img/tw_logo.png>
Package pdftex.def Info: ./img/tw_logo.png  used on input line 674.
(pdftex.def)             Requested size: 8.43604pt x 6.8613pt.
File: ./img/yt_logo.png Graphic file (type png)
<use ./img/yt_logo.png>
Package pdftex.def Info: ./img/yt_logo.png  used on input line 675.
(pdftex.def)             Requested size: 10.53891pt x 7.34712pt.
File: ./img/fb_logo.png Graphic file (type png)
<use ./img/fb_logo.png>
Package pdftex.def Info: ./img/fb_logo.png  used on input line 679.
(pdftex.def)             Requested size: 11.29285pt x 11.29285pt.
File: ./img/tw_logo.png Graphic file (type png)
<use ./img/tw_logo.png>
Package pdftex.def Info: ./img/tw_logo.png  used on input line 680.
(pdftex.def)             Requested size: 8.43604pt x 6.8613pt.
File: ./img/yt_logo.png Graphic file (type png)
<use ./img/yt_logo.png>
Package pdftex.def Info: ./img/yt_logo.png  used on input line 681.
(pdftex.def)             Requested size: 10.53891pt x 7.34712pt.
File: ./img/fb_logo.png Graphic file (type png)
<use ./img/fb_logo.png>
Package pdftex.def Info: ./img/fb_logo.png  used on input line 685.
(pdftex.def)             Requested size: 11.29285pt x 11.29285pt.
File: ./img/tw_logo.png Graphic file (type png)
<use ./img/tw_logo.png>
Package pdftex.def Info: ./img/tw_logo.png  used on input line 686.
(pdftex.def)             Requested size: 8.43604pt x 6.8613pt.
File: ./img/yt_logo.png Graphic file (type png)
<use ./img/yt_logo.png>
Package pdftex.def Info: ./img/yt_logo.png  used on input line 687.
(pdftex.def)             Requested size: 10.53891pt x 7.34712pt.
File: ./img/fb_logo.png Graphic file (type png)
<use ./img/fb_logo.png>
Package pdftex.def Info: ./img/fb_logo.png  used on input line 691.
(pdftex.def)             Requested size: 11.29285pt x 11.29285pt.
File: ./img/tw_logo.png Graphic file (type png)
<use ./img/tw_logo.png>
Package pdftex.def Info: ./img/tw_logo.png  used on input line 692.
(pdftex.def)             Requested size: 8.43604pt x 6.8613pt.
File: ./img/yt_logo.png Graphic file (type png)
<use ./img/yt_logo.png>
Package pdftex.def Info: ./img/yt_logo.png  used on input line 693.
(pdftex.def)             Requested size: 10.53891pt x 7.34712pt.

Overfull \hbox (23.58426pt too wide) in paragraph at lines 656--696
 [][] 
 []


LaTeX Warning: Float too large for page by 43.25275pt on input line 698.

[22]
Package atveryend Info: Empty hook `BeforeClearDocument' on input line 702.
Package atveryend Info: Empty hook `AfterLastShipout' on input line 702.
 (./draft.aux)
Package atveryend Info: Executing hook `AtVeryEndDocument' on input line 702.
Package atveryend Info: Executing hook `AtEndAfterFileList' on input line 702.
Package rerunfilecheck Info: File `draft.out' has not changed.
(rerunfilecheck)             Checksum: F5516859EAF61437CC97AC0FAFE93642;935.
Package atveryend Info: Empty hook `AtVeryVeryEnd' on input line 702.
 ) 
Here is how much of TeX's memory you used:
 26344 strings out of 481239
 533548 string characters out of 5920378
 827259 words of memory out of 5000000
 40929 multiletter control sequences out of 15000+600000
 545810 words of font info for 73 fonts, out of 8000000 for 9000
 1141 hyphenation exceptions out of 8191
 60i,16n,96p,2710b,456s stack positions out of 5000i,500n,10000p,200000b,80000s
pdfTeX warning (dest): name{Hfootnote.32} has been referenced but does not ex
ist, replaced by a fixed one

pdfTeX warning (dest): name{Hfootnote.31} has been referenced but does not exis
t, replaced by a fixed one

pdfTeX warning (dest): name{Hfootnote.30} has been referenced but does not exis
t, replaced by a fixed one

pdfTeX warning (dest): name{Hfootnote.29} has been referenced but does not exis
t, replaced by a fixed one

pdfTeX warning (dest): name{Hfootnote.28} has been referenced but does not exis
t, replaced by a fixed one

pdfTeX warning (dest): name{Hfootnote.27} has been referenced but does not exis
t, replaced by a fixed one

pdfTeX warning (dest): name{Hfootnote.26} has been referenced but does not exis
t, replaced by a fixed one

pdfTeX warning (dest): name{Hfootnote.25} has been referenced but does not exis
t, replaced by a fixed one

pdfTeX warning (dest): name{Hfootnote.24} has been referenced but does not exis
t, replaced by a fixed one

pdfTeX warning (dest): name{Hfootnote.23} has been referenced but does not exis
t, replaced by a fixed one

pdfTeX warning (dest): name{Hfootnote.22} has been referenced but does not exis
t, replaced by a fixed one

pdfTeX warning (dest): name{Hfootnote.21} has been referenced but does not exis
t, replaced by a fixed one

pdfTeX warning (dest): name{Hfootnote.20} has been referenced but does not exis
t, replaced by a fixed one

pdfTeX warning (dest): name{Hfootnote.19} has been referenced but does not exis
t, replaced by a fixed one

pdfTeX warning (dest): name{Hfootnote.18} has been referenced but does not exis
t, replaced by a fixed one

pdfTeX warning (dest): name{Hfootnote.17} has been referenced but does not exis
t, replaced by a fixed one

pdfTeX warning (dest): name{Hfootnote.16} has been referenced but does not exis
t, replaced by a fixed one

pdfTeX warning (dest): name{Hfootnote.15} has been referenced but does not exis
t, replaced by a fixed one

pdfTeX warning (dest): name{Hfootnote.14} has been referenced but does not exis
t, replaced by a fixed one

pdfTeX warning (dest): name{Hfootnote.13} has been referenced but does not exis
t, replaced by a fixed one

pdfTeX warning (dest): name{Hfootnote.12} has been referenced but does not exis
t, replaced by a fixed one

pdfTeX warning (dest): name{Hfootnote.11} has been referenced but does not exis
t, replaced by a fixed one

pdfTeX warning (dest): name{Hfootnote.10} has been referenced but does not exis
t, replaced by a fixed one

pdfTeX warning (dest): name{Hfootnote.9} has been referenced but does not exist
, replaced by a fixed one

pdfTeX warning (dest): name{Hfootnote.8} has been referenced but does not exist
, replaced by a fixed one

pdfTeX warning (dest): name{Hfootnote.7} has been referenced but does not exist
, replaced by a fixed one

pdfTeX warning (dest): name{Hfootnote.6} has been referenced but does not exist
, replaced by a fixed one

pdfTeX warning (dest): name{Hfootnote.5} has been referenced but does not exist
, replaced by a fixed one

pdfTeX warning (dest): name{Hfootnote.4} has been referenced but does not exist
, replaced by a fixed one

pdfTeX warning (dest): name{Hfootnote.3} has been referenced but does not exist
, replaced by a fixed one

pdfTeX warning (dest): name{Hfootnote.2} has been referenced but does not exist
, replaced by a fixed one

pdfTeX warning (dest): name{Hfootnote.1} has been referenced but does not exist
, replaced by a fixed one

</usr/share/texlive/texmf-dist/fonts/type1/public/amsfonts/cm/cmbx10.pfb></usr/
share/texlive/texmf-dist/fonts/type1/public/amsfonts/cm/cmbx12.pfb></usr/share/
texlive/texmf-dist/fonts/type1/public/amsfonts/cm/cmbx8.pfb></usr/share/texlive
/texmf-dist/fonts/type1/public/amsfonts/cm/cmmi10.pfb></usr/share/texlive/texmf
-dist/fonts/type1/public/amsfonts/cm/cmmi8.pfb></usr/share/texlive/texmf-dist/f
onts/type1/public/amsfonts/cm/cmr10.pfb></usr/share/texlive/texmf-dist/fonts/ty
pe1/public/amsfonts/cm/cmr12.pfb></usr/share/texlive/texmf-dist/fonts/type1/pub
lic/amsfonts/cm/cmr17.pfb></usr/share/texlive/texmf-dist/fonts/type1/public/ams
fonts/cm/cmr6.pfb></usr/share/texlive/texmf-dist/fonts/type1/public/amsfonts/cm
/cmr7.pfb></usr/share/texlive/texmf-dist/fonts/type1/public/amsfonts/cm/cmr8.pf
b></usr/share/texlive/texmf-dist/fonts/type1/public/amsfonts/cm/cmsy10.pfb></us
r/share/texlive/texmf-dist/fonts/type1/public/amsfonts/cm/cmti10.pfb></usr/shar
e/texlive/texmf-dist/fonts/type1/public/amsfonts/cm/cmti8.pfb>
Output written on draft.pdf (22 pages, 10121160 bytes).
PDF statistics:
 607 PDF objects out of 1000 (max. 8388607)
 480 compressed objects within 5 object streams
 102 named destinations out of 1000 (max. 500000)
 326 words of extra memory for PDF output out of 10000 (max. 10000000)

